<?xml version="1.0" encoding="UTF-8"?>
<testsuite xmlns:xsi="http://www.w3.org/2001/XMLSchema-instance" xsi:noNamespaceSchemaLocation="https://maven.apache.org/surefire/maven-surefire-plugin/xsd/surefire-test-report.xsd" version="3.0.2" name="testrunner.TestRunner" time="0.166" tests="1" errors="1" skipped="0" failures="0">
  <properties>
    <property name="java.specification.version" value="17"/>
    <property name="sun.jnu.encoding" value="UTF-8"/>
    <property name="java.class.path" value="/Users/abhilashreddybanda/Desktop/QAfox/pizzahut-automation/target/test-classes:/Users/abhilashreddybanda/Desktop/QAfox/pizzahut-automation/target/classes:/Users/abhilashreddybanda/.m2/repository/org/junit/jupiter/junit-jupiter-api/5.11.0/junit-jupiter-api-5.11.0.jar:/Users/abhilashreddybanda/.m2/repository/org/opentest4j/opentest4j/1.3.0/opentest4j-1.3.0.jar:/Users/abhilashreddybanda/.m2/repository/org/junit/platform/junit-platform-commons/1.11.0/junit-platform-commons-1.11.0.jar:/Users/abhilashreddybanda/.m2/repository/org/apiguardian/apiguardian-api/1.1.2/apiguardian-api-1.1.2.jar:/Users/abhilashreddybanda/.m2/repository/org/junit/jupiter/junit-jupiter-params/5.11.0/junit-jupiter-params-5.11.0.jar:/Users/abhilashreddybanda/.m2/repository/io/cucumber/cucumber-java/7.20.0/cucumber-java-7.20.0.jar:/Users/abhilashreddybanda/.m2/repository/io/cucumber/cucumber-core/7.20.0/cucumber-core-7.20.0.jar:/Users/abhilashreddybanda/.m2/repository/io/cucumber/cucumber-gherkin/7.20.0/cucumber-gherkin-7.20.0.jar:/Users/abhilashreddybanda/.m2/repository/io/cucumber/cucumber-gherkin-messages/7.20.0/cucumber-gherkin-messages-7.20.0.jar:/Users/abhilashreddybanda/.m2/repository/io/cucumber/gherkin/28.0.0/gherkin-28.0.0.jar:/Users/abhilashreddybanda/.m2/repository/io/cucumber/messages/24.1.0/messages-24.1.0.jar:/Users/abhilashreddybanda/.m2/repository/io/cucumber/testng-xml-formatter/0.2.0/testng-xml-formatter-0.2.0.jar:/Users/abhilashreddybanda/.m2/repository/io/cucumber/query/12.2.0/query-12.2.0.jar:/Users/abhilashreddybanda/.m2/repository/io/cucumber/tag-expressions/6.1.0/tag-expressions-6.1.0.jar:/Users/abhilashreddybanda/.m2/repository/io/cucumber/cucumber-expressions/17.1.0/cucumber-expressions-17.1.0.jar:/Users/abhilashreddybanda/.m2/repository/io/cucumber/datatable/7.20.0/datatable-7.20.0.jar:/Users/abhilashreddybanda/.m2/repository/io/cucumber/cucumber-plugin/7.20.0/cucumber-plugin-7.20.0.jar:/Users/abhilashreddybanda/.m2/repository/io/cucumber/docstring/7.20.0/docstring-7.20.0.jar:/Users/abhilashreddybanda/.m2/repository/io/cucumber/html-formatter/21.7.0/html-formatter-21.7.0.jar:/Users/abhilashreddybanda/.m2/repository/io/cucumber/junit-xml-formatter/0.5.0/junit-xml-formatter-0.5.0.jar:/Users/abhilashreddybanda/.m2/repository/io/cucumber/ci-environment/10.0.1/ci-environment-10.0.1.jar:/Users/abhilashreddybanda/.m2/repository/io/cucumber/cucumber-junit/7.20.0/cucumber-junit-7.20.0.jar:/Users/abhilashreddybanda/.m2/repository/junit/junit/4.13.2/junit-4.13.2.jar:/Users/abhilashreddybanda/.m2/repository/org/hamcrest/hamcrest-core/1.3/hamcrest-core-1.3.jar:/Users/abhilashreddybanda/.m2/repository/org/seleniumhq/selenium/selenium-java/4.23.0/selenium-java-4.23.0.jar:/Users/abhilashreddybanda/.m2/repository/org/seleniumhq/selenium/selenium-api/4.23.0/selenium-api-4.23.0.jar:/Users/abhilashreddybanda/.m2/repository/org/seleniumhq/selenium/selenium-chrome-driver/4.23.0/selenium-chrome-driver-4.23.0.jar:/Users/abhilashreddybanda/.m2/repository/com/google/auto/service/auto-service-annotations/1.1.1/auto-service-annotations-1.1.1.jar:/Users/abhilashreddybanda/.m2/repository/org/seleniumhq/selenium/selenium-chromium-driver/4.23.0/selenium-chromium-driver-4.23.0.jar:/Users/abhilashreddybanda/.m2/repository/org/seleniumhq/selenium/selenium-json/4.23.0/selenium-json-4.23.0.jar:/Users/abhilashreddybanda/.m2/repository/org/seleniumhq/selenium/selenium-manager/4.23.0/selenium-manager-4.23.0.jar:/Users/abhilashreddybanda/.m2/repository/org/seleniumhq/selenium/selenium-devtools-v125/4.23.0/selenium-devtools-v125-4.23.0.jar:/Users/abhilashreddybanda/.m2/repository/org/seleniumhq/selenium/selenium-devtools-v126/4.23.0/selenium-devtools-v126-4.23.0.jar:/Users/abhilashreddybanda/.m2/repository/org/seleniumhq/selenium/selenium-devtools-v127/4.23.0/selenium-devtools-v127-4.23.0.jar:/Users/abhilashreddybanda/.m2/repository/org/seleniumhq/selenium/selenium-devtools-v85/4.23.0/selenium-devtools-v85-4.23.0.jar:/Users/abhilashreddybanda/.m2/repository/org/seleniumhq/selenium/selenium-edge-driver/4.23.0/selenium-edge-driver-4.23.0.jar:/Users/abhilashreddybanda/.m2/repository/org/seleniumhq/selenium/selenium-firefox-driver/4.23.0/selenium-firefox-driver-4.23.0.jar:/Users/abhilashreddybanda/.m2/repository/org/seleniumhq/selenium/selenium-http/4.23.0/selenium-http-4.23.0.jar:/Users/abhilashreddybanda/.m2/repository/dev/failsafe/failsafe/3.3.2/failsafe-3.3.2.jar:/Users/abhilashreddybanda/.m2/repository/org/seleniumhq/selenium/selenium-ie-driver/4.23.0/selenium-ie-driver-4.23.0.jar:/Users/abhilashreddybanda/.m2/repository/org/seleniumhq/selenium/selenium-remote-driver/4.23.0/selenium-remote-driver-4.23.0.jar:/Users/abhilashreddybanda/.m2/repository/com/google/guava/guava/33.2.1-jre/guava-33.2.1-jre.jar:/Users/abhilashreddybanda/.m2/repository/com/google/guava/failureaccess/1.0.2/failureaccess-1.0.2.jar:/Users/abhilashreddybanda/.m2/repository/com/google/guava/listenablefuture/9999.0-empty-to-avoid-conflict-with-guava/listenablefuture-9999.0-empty-to-avoid-conflict-with-guava.jar:/Users/abhilashreddybanda/.m2/repository/com/google/code/findbugs/jsr305/3.0.2/jsr305-3.0.2.jar:/Users/abhilashreddybanda/.m2/repository/org/checkerframework/checker-qual/3.42.0/checker-qual-3.42.0.jar:/Users/abhilashreddybanda/.m2/repository/com/google/errorprone/error_prone_annotations/2.26.1/error_prone_annotations-2.26.1.jar:/Users/abhilashreddybanda/.m2/repository/com/google/j2objc/j2objc-annotations/3.0.0/j2objc-annotations-3.0.0.jar:/Users/abhilashreddybanda/.m2/repository/io/opentelemetry/semconv/opentelemetry-semconv/1.25.0-alpha/opentelemetry-semconv-1.25.0-alpha.jar:/Users/abhilashreddybanda/.m2/repository/io/opentelemetry/opentelemetry-api/1.40.0/opentelemetry-api-1.40.0.jar:/Users/abhilashreddybanda/.m2/repository/io/opentelemetry/opentelemetry-context/1.40.0/opentelemetry-context-1.40.0.jar:/Users/abhilashreddybanda/.m2/repository/io/opentelemetry/opentelemetry-exporter-logging/1.40.0/opentelemetry-exporter-logging-1.40.0.jar:/Users/abhilashreddybanda/.m2/repository/io/opentelemetry/opentelemetry-sdk-common/1.40.0/opentelemetry-sdk-common-1.40.0.jar:/Users/abhilashreddybanda/.m2/repository/io/opentelemetry/opentelemetry-sdk-extension-autoconfigure-spi/1.40.0/opentelemetry-sdk-extension-autoconfigure-spi-1.40.0.jar:/Users/abhilashreddybanda/.m2/repository/io/opentelemetry/opentelemetry-sdk-extension-autoconfigure/1.40.0/opentelemetry-sdk-extension-autoconfigure-1.40.0.jar:/Users/abhilashreddybanda/.m2/repository/io/opentelemetry/opentelemetry-api-incubator/1.40.0-alpha/opentelemetry-api-incubator-1.40.0-alpha.jar:/Users/abhilashreddybanda/.m2/repository/io/opentelemetry/opentelemetry-sdk-trace/1.40.0/opentelemetry-sdk-trace-1.40.0.jar:/Users/abhilashreddybanda/.m2/repository/io/opentelemetry/opentelemetry-sdk/1.40.0/opentelemetry-sdk-1.40.0.jar:/Users/abhilashreddybanda/.m2/repository/io/opentelemetry/opentelemetry-sdk-metrics/1.40.0/opentelemetry-sdk-metrics-1.40.0.jar:/Users/abhilashreddybanda/.m2/repository/io/opentelemetry/opentelemetry-sdk-logs/1.40.0/opentelemetry-sdk-logs-1.40.0.jar:/Users/abhilashreddybanda/.m2/repository/net/bytebuddy/byte-buddy/1.14.18/byte-buddy-1.14.18.jar:/Users/abhilashreddybanda/.m2/repository/org/seleniumhq/selenium/selenium-os/4.23.0/selenium-os-4.23.0.jar:/Users/abhilashreddybanda/.m2/repository/org/apache/commons/commons-exec/1.4.0/commons-exec-1.4.0.jar:/Users/abhilashreddybanda/.m2/repository/org/seleniumhq/selenium/selenium-safari-driver/4.23.0/selenium-safari-driver-4.23.0.jar:/Users/abhilashreddybanda/.m2/repository/org/seleniumhq/selenium/selenium-support/4.23.0/selenium-support-4.23.0.jar:/Users/abhilashreddybanda/.m2/repository/org/testng/testng/7.10.2/testng-7.10.2.jar:/Users/abhilashreddybanda/.m2/repository/org/slf4j/slf4j-api/1.7.36/slf4j-api-1.7.36.jar:/Users/abhilashreddybanda/.m2/repository/com/beust/jcommander/1.82/jcommander-1.82.jar:/Users/abhilashreddybanda/.m2/repository/org/webjars/jquery/3.7.1/jquery-3.7.1.jar:/Users/abhilashreddybanda/.m2/repository/com/aventstack/extentreports/5.1.2/extentreports-5.1.2.jar:/Users/abhilashreddybanda/.m2/repository/io/reactivex/rxjava3/rxjava/3.1.6/rxjava-3.1.6.jar:/Users/abhilashreddybanda/.m2/repository/org/reactivestreams/reactive-streams/1.0.4/reactive-streams-1.0.4.jar:/Users/abhilashreddybanda/.m2/repository/org/freemarker/freemarker/2.3.32/freemarker-2.3.32.jar:/Users/abhilashreddybanda/.m2/repository/org/projectlombok/lombok/1.18.26/lombok-1.18.26.jar:/Users/abhilashreddybanda/.m2/repository/com/google/code/gson/gson/2.10.1/gson-2.10.1.jar:/Users/abhilashreddybanda/.m2/repository/io/github/bonigarcia/webdrivermanager/5.9.2/webdrivermanager-5.9.2.jar:/Users/abhilashreddybanda/.m2/repository/com/github/docker-java/docker-java/3.4.0/docker-java-3.4.0.jar:/Users/abhilashreddybanda/.m2/repository/com/github/docker-java/docker-java-core/3.4.0/docker-java-core-3.4.0.jar:/Users/abhilashreddybanda/.m2/repository/com/github/docker-java/docker-java-api/3.4.0/docker-java-api-3.4.0.jar:/Users/abhilashreddybanda/.m2/repository/com/fasterxml/jackson/core/jackson-annotations/2.10.3/jackson-annotations-2.10.3.jar:/Users/abhilashreddybanda/.m2/repository/com/fasterxml/jackson/core/jackson-databind/2.10.3/jackson-databind-2.10.3.jar:/Users/abhilashreddybanda/.m2/repository/com/fasterxml/jackson/core/jackson-core/2.10.3/jackson-core-2.10.3.jar:/Users/abhilashreddybanda/.m2/repository/org/slf4j/jcl-over-slf4j/1.7.30/jcl-over-slf4j-1.7.30.jar:/Users/abhilashreddybanda/.m2/repository/com/github/docker-java/docker-java-transport-httpclient5/3.4.0/docker-java-transport-httpclient5-3.4.0.jar:/Users/abhilashreddybanda/.m2/repository/com/github/docker-java/docker-java-transport/3.4.0/docker-java-transport-3.4.0.jar:/Users/abhilashreddybanda/.m2/repository/net/java/dev/jna/jna/5.13.0/jna-5.13.0.jar:/Users/abhilashreddybanda/.m2/repository/org/brotli/dec/0.1.2/dec-0.1.2.jar:/Users/abhilashreddybanda/.m2/repository/org/apache/commons/commons-lang3/3.15.0/commons-lang3-3.15.0.jar:/Users/abhilashreddybanda/.m2/repository/org/apache/commons/commons-compress/1.26.2/commons-compress-1.26.2.jar:/Users/abhilashreddybanda/.m2/repository/commons-codec/commons-codec/1.17.0/commons-codec-1.17.0.jar:/Users/abhilashreddybanda/.m2/repository/commons-io/commons-io/2.16.1/commons-io-2.16.1.jar:/Users/abhilashreddybanda/.m2/repository/org/apache/httpcomponents/client5/httpclient5/5.2.1/httpclient5-5.2.1.jar:/Users/abhilashreddybanda/.m2/repository/org/apache/httpcomponents/core5/httpcore5/5.2/httpcore5-5.2.jar:/Users/abhilashreddybanda/.m2/repository/org/apache/httpcomponents/core5/httpcore5-h2/5.2/httpcore5-h2-5.2.jar:"/>
    <property name="java.vm.vendor" value="Oracle Corporation"/>
    <property name="sun.arch.data.model" value="64"/>
    <property name="java.vendor.url" value="https://java.oracle.com/"/>
    <property name="user.timezone" value="America/Chicago"/>
    <property name="os.name" value="Mac OS X"/>
    <property name="java.vm.specification.version" value="17"/>
    <property name="sun.java.launcher" value="SUN_STANDARD"/>
    <property name="user.country" value="US"/>
    <property name="sun.boot.library.path" value="/Library/Java/JavaVirtualMachines/jdk-17.jdk/Contents/Home/lib"/>
    <property name="sun.java.command" value="/Users/abhilashreddybanda/Desktop/QAfox/pizzahut-automation/target/surefire/surefirebooter-20241016172455796_3.jar /Users/abhilashreddybanda/Desktop/QAfox/pizzahut-automation/target/surefire 2024-10-16T17-24-55_748-jvmRun1 surefire-20241016172455796_1tmp surefire_0-20241016172455796_2tmp"/>
    <property name="http.nonProxyHosts" value="local|*.local|169.254/16|*.169.254/16"/>
    <property name="jdk.debug" value="release"/>
    <property name="surefire.test.class.path" value="/Users/abhilashreddybanda/Desktop/QAfox/pizzahut-automation/target/test-classes:/Users/abhilashreddybanda/Desktop/QAfox/pizzahut-automation/target/classes:/Users/abhilashreddybanda/.m2/repository/org/junit/jupiter/junit-jupiter-api/5.11.0/junit-jupiter-api-5.11.0.jar:/Users/abhilashreddybanda/.m2/repository/org/opentest4j/opentest4j/1.3.0/opentest4j-1.3.0.jar:/Users/abhilashreddybanda/.m2/repository/org/junit/platform/junit-platform-commons/1.11.0/junit-platform-commons-1.11.0.jar:/Users/abhilashreddybanda/.m2/repository/org/apiguardian/apiguardian-api/1.1.2/apiguardian-api-1.1.2.jar:/Users/abhilashreddybanda/.m2/repository/org/junit/jupiter/junit-jupiter-params/5.11.0/junit-jupiter-params-5.11.0.jar:/Users/abhilashreddybanda/.m2/repository/io/cucumber/cucumber-java/7.20.0/cucumber-java-7.20.0.jar:/Users/abhilashreddybanda/.m2/repository/io/cucumber/cucumber-core/7.20.0/cucumber-core-7.20.0.jar:/Users/abhilashreddybanda/.m2/repository/io/cucumber/cucumber-gherkin/7.20.0/cucumber-gherkin-7.20.0.jar:/Users/abhilashreddybanda/.m2/repository/io/cucumber/cucumber-gherkin-messages/7.20.0/cucumber-gherkin-messages-7.20.0.jar:/Users/abhilashreddybanda/.m2/repository/io/cucumber/gherkin/28.0.0/gherkin-28.0.0.jar:/Users/abhilashreddybanda/.m2/repository/io/cucumber/messages/24.1.0/messages-24.1.0.jar:/Users/abhilashreddybanda/.m2/repository/io/cucumber/testng-xml-formatter/0.2.0/testng-xml-formatter-0.2.0.jar:/Users/abhilashreddybanda/.m2/repository/io/cucumber/query/12.2.0/query-12.2.0.jar:/Users/abhilashreddybanda/.m2/repository/io/cucumber/tag-expressions/6.1.0/tag-expressions-6.1.0.jar:/Users/abhilashreddybanda/.m2/repository/io/cucumber/cucumber-expressions/17.1.0/cucumber-expressions-17.1.0.jar:/Users/abhilashreddybanda/.m2/repository/io/cucumber/datatable/7.20.0/datatable-7.20.0.jar:/Users/abhilashreddybanda/.m2/repository/io/cucumber/cucumber-plugin/7.20.0/cucumber-plugin-7.20.0.jar:/Users/abhilashreddybanda/.m2/repository/io/cucumber/docstring/7.20.0/docstring-7.20.0.jar:/Users/abhilashreddybanda/.m2/repository/io/cucumber/html-formatter/21.7.0/html-formatter-21.7.0.jar:/Users/abhilashreddybanda/.m2/repository/io/cucumber/junit-xml-formatter/0.5.0/junit-xml-formatter-0.5.0.jar:/Users/abhilashreddybanda/.m2/repository/io/cucumber/ci-environment/10.0.1/ci-environment-10.0.1.jar:/Users/abhilashreddybanda/.m2/repository/io/cucumber/cucumber-junit/7.20.0/cucumber-junit-7.20.0.jar:/Users/abhilashreddybanda/.m2/repository/junit/junit/4.13.2/junit-4.13.2.jar:/Users/abhilashreddybanda/.m2/repository/org/hamcrest/hamcrest-core/1.3/hamcrest-core-1.3.jar:/Users/abhilashreddybanda/.m2/repository/org/seleniumhq/selenium/selenium-java/4.23.0/selenium-java-4.23.0.jar:/Users/abhilashreddybanda/.m2/repository/org/seleniumhq/selenium/selenium-api/4.23.0/selenium-api-4.23.0.jar:/Users/abhilashreddybanda/.m2/repository/org/seleniumhq/selenium/selenium-chrome-driver/4.23.0/selenium-chrome-driver-4.23.0.jar:/Users/abhilashreddybanda/.m2/repository/com/google/auto/service/auto-service-annotations/1.1.1/auto-service-annotations-1.1.1.jar:/Users/abhilashreddybanda/.m2/repository/org/seleniumhq/selenium/selenium-chromium-driver/4.23.0/selenium-chromium-driver-4.23.0.jar:/Users/abhilashreddybanda/.m2/repository/org/seleniumhq/selenium/selenium-json/4.23.0/selenium-json-4.23.0.jar:/Users/abhilashreddybanda/.m2/repository/org/seleniumhq/selenium/selenium-manager/4.23.0/selenium-manager-4.23.0.jar:/Users/abhilashreddybanda/.m2/repository/org/seleniumhq/selenium/selenium-devtools-v125/4.23.0/selenium-devtools-v125-4.23.0.jar:/Users/abhilashreddybanda/.m2/repository/org/seleniumhq/selenium/selenium-devtools-v126/4.23.0/selenium-devtools-v126-4.23.0.jar:/Users/abhilashreddybanda/.m2/repository/org/seleniumhq/selenium/selenium-devtools-v127/4.23.0/selenium-devtools-v127-4.23.0.jar:/Users/abhilashreddybanda/.m2/repository/org/seleniumhq/selenium/selenium-devtools-v85/4.23.0/selenium-devtools-v85-4.23.0.jar:/Users/abhilashreddybanda/.m2/repository/org/seleniumhq/selenium/selenium-edge-driver/4.23.0/selenium-edge-driver-4.23.0.jar:/Users/abhilashreddybanda/.m2/repository/org/seleniumhq/selenium/selenium-firefox-driver/4.23.0/selenium-firefox-driver-4.23.0.jar:/Users/abhilashreddybanda/.m2/repository/org/seleniumhq/selenium/selenium-http/4.23.0/selenium-http-4.23.0.jar:/Users/abhilashreddybanda/.m2/repository/dev/failsafe/failsafe/3.3.2/failsafe-3.3.2.jar:/Users/abhilashreddybanda/.m2/repository/org/seleniumhq/selenium/selenium-ie-driver/4.23.0/selenium-ie-driver-4.23.0.jar:/Users/abhilashreddybanda/.m2/repository/org/seleniumhq/selenium/selenium-remote-driver/4.23.0/selenium-remote-driver-4.23.0.jar:/Users/abhilashreddybanda/.m2/repository/com/google/guava/guava/33.2.1-jre/guava-33.2.1-jre.jar:/Users/abhilashreddybanda/.m2/repository/com/google/guava/failureaccess/1.0.2/failureaccess-1.0.2.jar:/Users/abhilashreddybanda/.m2/repository/com/google/guava/listenablefuture/9999.0-empty-to-avoid-conflict-with-guava/listenablefuture-9999.0-empty-to-avoid-conflict-with-guava.jar:/Users/abhilashreddybanda/.m2/repository/com/google/code/findbugs/jsr305/3.0.2/jsr305-3.0.2.jar:/Users/abhilashreddybanda/.m2/repository/org/checkerframework/checker-qual/3.42.0/checker-qual-3.42.0.jar:/Users/abhilashreddybanda/.m2/repository/com/google/errorprone/error_prone_annotations/2.26.1/error_prone_annotations-2.26.1.jar:/Users/abhilashreddybanda/.m2/repository/com/google/j2objc/j2objc-annotations/3.0.0/j2objc-annotations-3.0.0.jar:/Users/abhilashreddybanda/.m2/repository/io/opentelemetry/semconv/opentelemetry-semconv/1.25.0-alpha/opentelemetry-semconv-1.25.0-alpha.jar:/Users/abhilashreddybanda/.m2/repository/io/opentelemetry/opentelemetry-api/1.40.0/opentelemetry-api-1.40.0.jar:/Users/abhilashreddybanda/.m2/repository/io/opentelemetry/opentelemetry-context/1.40.0/opentelemetry-context-1.40.0.jar:/Users/abhilashreddybanda/.m2/repository/io/opentelemetry/opentelemetry-exporter-logging/1.40.0/opentelemetry-exporter-logging-1.40.0.jar:/Users/abhilashreddybanda/.m2/repository/io/opentelemetry/opentelemetry-sdk-common/1.40.0/opentelemetry-sdk-common-1.40.0.jar:/Users/abhilashreddybanda/.m2/repository/io/opentelemetry/opentelemetry-sdk-extension-autoconfigure-spi/1.40.0/opentelemetry-sdk-extension-autoconfigure-spi-1.40.0.jar:/Users/abhilashreddybanda/.m2/repository/io/opentelemetry/opentelemetry-sdk-extension-autoconfigure/1.40.0/opentelemetry-sdk-extension-autoconfigure-1.40.0.jar:/Users/abhilashreddybanda/.m2/repository/io/opentelemetry/opentelemetry-api-incubator/1.40.0-alpha/opentelemetry-api-incubator-1.40.0-alpha.jar:/Users/abhilashreddybanda/.m2/repository/io/opentelemetry/opentelemetry-sdk-trace/1.40.0/opentelemetry-sdk-trace-1.40.0.jar:/Users/abhilashreddybanda/.m2/repository/io/opentelemetry/opentelemetry-sdk/1.40.0/opentelemetry-sdk-1.40.0.jar:/Users/abhilashreddybanda/.m2/repository/io/opentelemetry/opentelemetry-sdk-metrics/1.40.0/opentelemetry-sdk-metrics-1.40.0.jar:/Users/abhilashreddybanda/.m2/repository/io/opentelemetry/opentelemetry-sdk-logs/1.40.0/opentelemetry-sdk-logs-1.40.0.jar:/Users/abhilashreddybanda/.m2/repository/net/bytebuddy/byte-buddy/1.14.18/byte-buddy-1.14.18.jar:/Users/abhilashreddybanda/.m2/repository/org/seleniumhq/selenium/selenium-os/4.23.0/selenium-os-4.23.0.jar:/Users/abhilashreddybanda/.m2/repository/org/apache/commons/commons-exec/1.4.0/commons-exec-1.4.0.jar:/Users/abhilashreddybanda/.m2/repository/org/seleniumhq/selenium/selenium-safari-driver/4.23.0/selenium-safari-driver-4.23.0.jar:/Users/abhilashreddybanda/.m2/repository/org/seleniumhq/selenium/selenium-support/4.23.0/selenium-support-4.23.0.jar:/Users/abhilashreddybanda/.m2/repository/org/testng/testng/7.10.2/testng-7.10.2.jar:/Users/abhilashreddybanda/.m2/repository/org/slf4j/slf4j-api/1.7.36/slf4j-api-1.7.36.jar:/Users/abhilashreddybanda/.m2/repository/com/beust/jcommander/1.82/jcommander-1.82.jar:/Users/abhilashreddybanda/.m2/repository/org/webjars/jquery/3.7.1/jquery-3.7.1.jar:/Users/abhilashreddybanda/.m2/repository/com/aventstack/extentreports/5.1.2/extentreports-5.1.2.jar:/Users/abhilashreddybanda/.m2/repository/io/reactivex/rxjava3/rxjava/3.1.6/rxjava-3.1.6.jar:/Users/abhilashreddybanda/.m2/repository/org/reactivestreams/reactive-streams/1.0.4/reactive-streams-1.0.4.jar:/Users/abhilashreddybanda/.m2/repository/org/freemarker/freemarker/2.3.32/freemarker-2.3.32.jar:/Users/abhilashreddybanda/.m2/repository/org/projectlombok/lombok/1.18.26/lombok-1.18.26.jar:/Users/abhilashreddybanda/.m2/repository/com/google/code/gson/gson/2.10.1/gson-2.10.1.jar:/Users/abhilashreddybanda/.m2/repository/io/github/bonigarcia/webdrivermanager/5.9.2/webdrivermanager-5.9.2.jar:/Users/abhilashreddybanda/.m2/repository/com/github/docker-java/docker-java/3.4.0/docker-java-3.4.0.jar:/Users/abhilashreddybanda/.m2/repository/com/github/docker-java/docker-java-core/3.4.0/docker-java-core-3.4.0.jar:/Users/abhilashreddybanda/.m2/repository/com/github/docker-java/docker-java-api/3.4.0/docker-java-api-3.4.0.jar:/Users/abhilashreddybanda/.m2/repository/com/fasterxml/jackson/core/jackson-annotations/2.10.3/jackson-annotations-2.10.3.jar:/Users/abhilashreddybanda/.m2/repository/com/fasterxml/jackson/core/jackson-databind/2.10.3/jackson-databind-2.10.3.jar:/Users/abhilashreddybanda/.m2/repository/com/fasterxml/jackson/core/jackson-core/2.10.3/jackson-core-2.10.3.jar:/Users/abhilashreddybanda/.m2/repository/org/slf4j/jcl-over-slf4j/1.7.30/jcl-over-slf4j-1.7.30.jar:/Users/abhilashreddybanda/.m2/repository/com/github/docker-java/docker-java-transport-httpclient5/3.4.0/docker-java-transport-httpclient5-3.4.0.jar:/Users/abhilashreddybanda/.m2/repository/com/github/docker-java/docker-java-transport/3.4.0/docker-java-transport-3.4.0.jar:/Users/abhilashreddybanda/.m2/repository/net/java/dev/jna/jna/5.13.0/jna-5.13.0.jar:/Users/abhilashreddybanda/.m2/repository/org/brotli/dec/0.1.2/dec-0.1.2.jar:/Users/abhilashreddybanda/.m2/repository/org/apache/commons/commons-lang3/3.15.0/commons-lang3-3.15.0.jar:/Users/abhilashreddybanda/.m2/repository/org/apache/commons/commons-compress/1.26.2/commons-compress-1.26.2.jar:/Users/abhilashreddybanda/.m2/repository/commons-codec/commons-codec/1.17.0/commons-codec-1.17.0.jar:/Users/abhilashreddybanda/.m2/repository/commons-io/commons-io/2.16.1/commons-io-2.16.1.jar:/Users/abhilashreddybanda/.m2/repository/org/apache/httpcomponents/client5/httpclient5/5.2.1/httpclient5-5.2.1.jar:/Users/abhilashreddybanda/.m2/repository/org/apache/httpcomponents/core5/httpcore5/5.2/httpcore5-5.2.jar:/Users/abhilashreddybanda/.m2/repository/org/apache/httpcomponents/core5/httpcore5-h2/5.2/httpcore5-h2-5.2.jar:"/>
    <property name="sun.cpu.endian" value="little"/>
    <property name="user.home" value="/Users/abhilashreddybanda"/>
    <property name="user.language" value="en"/>
    <property name="java.specification.vendor" value="Oracle Corporation"/>
    <property name="java.version.date" value="2023-04-18"/>
    <property name="java.home" value="/Library/Java/JavaVirtualMachines/jdk-17.jdk/Contents/Home"/>
    <property name="file.separator" value="/"/>
    <property name="basedir" value="/Users/abhilashreddybanda/Desktop/QAfox/pizzahut-automation"/>
    <property name="java.vm.compressedOopsMode" value="Zero based"/>
    <property name="line.separator" value="&#10;"/>
    <property name="java.specification.name" value="Java Platform API Specification"/>
    <property name="java.vm.specification.vendor" value="Oracle Corporation"/>
    <property name="surefire.real.class.path" value="/Users/abhilashreddybanda/Desktop/QAfox/pizzahut-automation/target/surefire/surefirebooter-20241016172455796_3.jar"/>
    <property name="sun.management.compiler" value="HotSpot 64-Bit Tiered Compilers"/>
    <property name="ftp.nonProxyHosts" value="local|*.local|169.254/16|*.169.254/16"/>
    <property name="java.runtime.version" value="17.0.7+8-LTS-224"/>
    <property name="user.name" value="abhilashreddybanda"/>
    <property name="path.separator" value=":"/>
    <property name="os.version" value="14.6.1"/>
    <property name="java.runtime.name" value="Java(TM) SE Runtime Environment"/>
    <property name="file.encoding" value="UTF-8"/>
    <property name="java.vm.name" value="Java HotSpot(TM) 64-Bit Server VM"/>
    <property name="localRepository" value="/Users/abhilashreddybanda/.m2/repository"/>
    <property name="java.vendor.url.bug" value="https://bugreport.java.com/bugreport/"/>
    <property name="java.io.tmpdir" value="/var/folders/r9/7y57rb314yb3bqstq9b64zmc0000gn/T/"/>
    <property name="java.version" value="17.0.7"/>
    <property name="user.dir" value="/Users/abhilashreddybanda/Desktop/QAfox/pizzahut-automation"/>
    <property name="os.arch" value="aarch64"/>
    <property name="java.vm.specification.name" value="Java Virtual Machine Specification"/>
    <property name="native.encoding" value="UTF-8"/>
    <property name="java.library.path" value="/Users/abhilashreddybanda/Library/Java/Extensions:/Library/Java/Extensions:/Network/Library/Java/Extensions:/System/Library/Java/Extensions:/usr/lib/java:."/>
    <property name="java.vm.info" value="mixed mode, sharing"/>
    <property name="java.vendor" value="Oracle Corporation"/>
    <property name="java.vm.version" value="17.0.7+8-LTS-224"/>
    <property name="sun.io.unicode.encoding" value="UnicodeBig"/>
    <property name="socksNonProxyHosts" value="local|*.local|169.254/16|*.169.254/16"/>
    <property name="java.class.version" value="61.0"/>
  </properties>
  <testcase name="Validate Pizzahut pizza order flow" classname="Validate Pizzahut pizza order flow" time="0.064">
    <error message="Cannot invoke &quot;com.aventstack.extentreports.ExtentTest.log(com.aventstack.extentreports.Status, String)&quot; because &quot;this.extentTest&quot; is null" type="java.lang.NullPointerException"><![CDATA[java.lang.NullPointerException: Cannot invoke "com.aventstack.extentreports.ExtentTest.log(com.aventstack.extentreports.Status, String)" because "this.extentTest" is null
	at stepdefs.SearchPizza.user_launch_pizzahut_application_with(SearchPizza.java:44)
	at ✽.User launch Pizzahut application with "https://www.pizzahut.co.in/"(file:///Users/abhilashreddybanda/Desktop/QAfox/pizzahut-automation/src/test/java/features/SearchPizza.feature:5)
]]></error>
    <system-out><![CDATA[
@Smoke
Scenario Outline: Validate Pizzahut pizza order flow                         # src/test/java/features/SearchPizza.feature:31
  Given User launch Pizzahut application with "https://www.pizzahut.co.in/"  # stepdefs.SearchPizza.user_launch_pizzahut_application_with(java.lang.String)
      java.lang.NullPointerException: Cannot invoke "com.aventstack.extentreports.ExtentTest.log(com.aventstack.extentreports.Status, String)" because "this.extentTest" is null
	at stepdefs.SearchPizza.user_launch_pizzahut_application_with(SearchPizza.java:44)
	at ✽.User launch Pizzahut application with "https://www.pizzahut.co.in/"(file:///Users/abhilashreddybanda/Desktop/QAfox/pizzahut-automation/src/test/java/features/SearchPizza.feature:5)

  When User wait for auto location black pop up screen                       # stepdefs.SearchPizza.user_wait_for_auto_location_black_pop_up_screen()
  Then User close the pop up screen                                          # stepdefs.SearchPizza.user_close_the_pop_up_screen()
  And User see pop up for delivery asking for enter location                 # stepdefs.SearchPizza.user_see_pop_up_for_delivery_asking_for_enter_location()
  Then User type address as "bangalore Palace"                               # stepdefs.SearchPizza.user_type_address_as(java.lang.String)
  And User select first auto populate drop down option                       # stepdefs.SearchPizza.user_select_first_auto_populate_drop_down_option()
  When User navigate to deails page                                          # stepdefs.SearchPizza.user_navigate_to_deails_page()
  Then User validate vegetarian radio button flag is off                     # stepdefs.SearchPizza.user_validate_vegetarian_radio_button_flag_is_off()
  And User clicks on Pizzas menu bar option                                  # stepdefs.SearchPizza.user_clicks_on_pizzas_menu_bar_option()
  When User select add button of any pizza from Recommended                  # stepdefs.SearchPizza.user_select_add_button_of_any_pizza_from_recommended()
  Then User see that the pizza is getting added under Your Basket            # stepdefs.SearchPizza.user_see_that_the_pizza_is_getting_added_under_your_basket()
  And User validate pizza price plus Tax is checkout price                   # stepdefs.SearchPizza.user_validate_pizza_price_plus_tax_is_checkout_price()
  Then User validate checkout button contains Item count                     # stepdefs.SearchPizza.user_validate_checkout_button_contains_item_count()
  And User validate checkout button contains total price count               # stepdefs.SearchPizza.user_validate_checkout_button_contains_total_price_count()
  Then User clicks on Drinks option                                          # stepdefs.SearchPizza.user_clicks_on_drinks_option()
  And User select Pepsi option to add into the Basket                        # stepdefs.SearchPizza.user_select_pepsi_option_to_add_into_the_basket()
  Then User see 2 items are showing under checkout button                    # stepdefs.SearchPizza.user_see_items_are_showing_under_checkout_button(java.lang.Integer)
  And User see total price is now more than before                           # stepdefs.SearchPizza.user_see_total_price_is_now_more_than_before()
  Then User remove the Pizza item from Basket                                # stepdefs.SearchPizza.user_remove_the_pizza_item_from_basket()
  And see Price tag got removed from the checkout button                     # stepdefs.SearchPizza.see_price_tag_got_removed_from_the_checkout_button()
  And User see 1 item showing in checkout button                             # stepdefs.SearchPizza.user_see_item_showing_in_checkout_button(java.lang.Integer)
  Then User Clicks on Checkout button                                        # stepdefs.SearchPizza.user_clicks_on_checkout_button()
  And User goes to checkout page enters "aa" "9123456789" and "aa@gmail.com" # stepdefs.SearchPizza.user_goes_to_checkout_page(java.lang.String,java.lang.String,java.lang.String)
]]></system-out>
  </testcase>
</testsuite>